/home/sju5379/cp_scratch/analyze_spatial_uncertainty_ext.py:124: RuntimeWarning: More than 20 figures have been opened. Figures created through the pyplot interface (`matplotlib.pyplot.figure`) are retained until explicitly closed and may consume too much memory. (To control this warning, see the rcParam `figure.max_open_warning`). Consider using `matplotlib.pyplot.close()`.
  fig, ax = plt.subplots(1, 3, figsize=(15, 4.6))
/home/sju5379/anaconda3/envs/cp/lib/python3.12/site-packages/numpy/_core/fromnumeric.py:3860: RuntimeWarning: Mean of empty slice.
  return _methods._mean(a, axis=axis, dtype=dtype,
/home/sju5379/anaconda3/envs/cp/lib/python3.12/site-packages/numpy/_core/_methods.py:145: RuntimeWarning: invalid value encountered in scalar divide
  ret = ret.dtype.type(ret / rcount)
[auto-find] 60 SDD annotation file(s)

=== SDD/bookstore/video0 ===  windows=18882 (full=16756)
  RAW         corr(err,turn) = -0.015  (cells=746)
  CONTROLLED  corr(err,turn) = -0.230  (cells=147; full + count>=20 + interior)
  CONTROLLED  corr(err,dens) = -0.430
  err hi-density=20.082  lo-density=33.185
  >>> controlled spatial-turning structure: WEAK/UNSUPPORTED
  [saved] /home/sju5379/cp_scratch/sdd_bookstore_video0_diag.png, _overlay.png, _cells.npz

=== SDD/bookstore/video1 ===  windows=12607 (full=10264)
  RAW         corr(err,turn) = -0.005  (cells=657)
  CONTROLLED  corr(err,turn) = -0.251  (cells=70; full + count>=20 + interior)
  CONTROLLED  corr(err,dens) = -0.510
  err hi-density=8.611  lo-density=24.278
  >>> controlled spatial-turning structure: WEAK/UNSUPPORTED
  [saved] /home/sju5379/cp_scratch/sdd_bookstore_video1_diag.png, _overlay.png, _cells.npz

=== SDD/bookstore/video2 ===  windows=11697 (full=9398)
  RAW         corr(err,turn) = +0.055  (cells=592)
  CONTROLLED  corr(err,turn) = -0.190  (cells=130; full + count>=20 + interior)
  CONTROLLED  corr(err,dens) = -0.225
  err hi-density=40.144  lo-density=47.564
  >>> controlled spatial-turning structure: WEAK/UNSUPPORTED
  [saved] /home/sju5379/cp_scratch/sdd_bookstore_video2_diag.png, _overlay.png, _cells.npz

=== SDD/bookstore/video3 ===  windows=11399 (full=8855)
  RAW         corr(err,turn) = -0.011  (cells=617)
  CONTROLLED  corr(err,turn) = -0.013  (cells=129; full + count>=20 + interior)
  CONTROLLED  corr(err,dens) = -0.351
  err hi-density=13.491  lo-density=37.835
  >>> controlled spatial-turning structure: WEAK/UNSUPPORTED
  [saved] /home/sju5379/cp_scratch/sdd_bookstore_video3_diag.png, _overlay.png, _cells.npz

=== SDD/bookstore/video4 ===  windows=4311 (full=3035)
  RAW         corr(err,turn) = +0.122  (cells=237)
  CONTROLLED  corr(err,turn) = +0.736  (cells=23; full + count>=20 + interior)
  CONTROLLED  corr(err,dens) = +0.194
  err hi-density=24.114  lo-density=14.282
  >>> controlled spatial-turning structure: WEAK/UNSUPPORTED
  [saved] /home/sju5379/cp_scratch/sdd_bookstore_video4_diag.png, _overlay.png, _cells.npz

=== SDD/bookstore/video5 ===  windows=4403 (full=3238)
  RAW         corr(err,turn) = +0.280  (cells=277)
  CONTROLLED  corr(err,turn) = +0.230  (cells=50; full + count>=20 + interior)
  CONTROLLED  corr(err,dens) = -0.602
  err hi-density=23.932  lo-density=33.950
  >>> controlled spatial-turning structure: WEAK/UNSUPPORTED
  [saved] /home/sju5379/cp_scratch/sdd_bookstore_video5_diag.png, _overlay.png, _cells.npz

=== SDD/bookstore/video6 ===  windows=4364 (full=3281)
  RAW         corr(err,turn) = +0.214  (cells=250)
  CONTROLLED  corr(err,turn) = +0.456  (cells=49; full + count>=20 + interior)
  CONTROLLED  corr(err,dens) = -0.485
  err hi-density=12.211  lo-density=22.086
  >>> controlled spatial-turning structure: SUPPORTED
  [saved] /home/sju5379/cp_scratch/sdd_bookstore_video6_diag.png, _overlay.png, _cells.npz

=== SDD/coupa/video0 ===  windows=8462 (full=7441)
  RAW         corr(err,turn) = +0.200  (cells=602)
  CONTROLLED  corr(err,turn) = +0.182  (cells=33; full + count>=20 + interior)
  CONTROLLED  corr(err,dens) = -0.604
  err hi-density=4.572  lo-density=17.350
  >>> controlled spatial-turning structure: WEAK/UNSUPPORTED
  [saved] /home/sju5379/cp_scratch/sdd_coupa_video0_diag.png, _overlay.png, _cells.npz

=== SDD/coupa/video1 ===  windows=5265 (full=4577)
  RAW         corr(err,turn) = +0.113  (cells=667)
  CONTROLLED  corr(err,turn) = +0.083  (cells=8; full + count>=20 + interior)
  CONTROLLED  corr(err,dens) = -0.749
  err hi-density=4.671  lo-density=18.058
  >>> controlled spatial-turning structure: WEAK/UNSUPPORTED
  [saved] /home/sju5379/cp_scratch/sdd_coupa_video1_diag.png, _overlay.png, _cells.npz

=== SDD/coupa/video2 ===  windows=4816 (full=4044)
  RAW         corr(err,turn) = +0.178  (cells=703)
  CONTROLLED  corr(err,turn) = +nan  (cells=4; full + count>=20 + interior)
  CONTROLLED  corr(err,dens) = +nan
  err hi-density=4.880  lo-density=14.143
  >>> controlled spatial-turning structure: WEAK/UNSUPPORTED
  [saved] /home/sju5379/cp_scratch/sdd_coupa_video2_diag.png, _overlay.png, _cells.npz

=== SDD/coupa/video3 ===  windows=13177 (full=12079)
  RAW         corr(err,turn) = +0.128  (cells=658)
  CONTROLLED  corr(err,turn) = +0.388  (cells=43; full + count>=20 + interior)
  CONTROLLED  corr(err,dens) = -0.772
  err hi-density=2.462  lo-density=18.579
  >>> controlled spatial-turning structure: SUPPORTED
  [saved] /home/sju5379/cp_scratch/sdd_coupa_video3_diag.png, _overlay.png, _cells.npz

=== SDD/deathCircle/video0 ===  windows=29220 (full=23251)
  RAW         corr(err,turn) = -0.017  (cells=830)
  CONTROLLED  corr(err,turn) = -0.077  (cells=376; full + count>=20 + interior)
  CONTROLLED  corr(err,dens) = +0.058
  err hi-density=56.751  lo-density=47.674
  >>> controlled spatial-turning structure: WEAK/UNSUPPORTED
  [saved] /home/sju5379/cp_scratch/sdd_deathCircle_video0_diag.png, _overlay.png, _cells.npz

=== SDD/deathCircle/video1 ===  windows=35962 (full=26614)
  RAW         corr(err,turn) = +0.028  (cells=811)
  CONTROLLED  corr(err,turn) = -0.040  (cells=362; full + count>=20 + interior)
  CONTROLLED  corr(err,dens) = -0.147
  err hi-density=43.767  lo-density=54.734
  >>> controlled spatial-turning structure: WEAK/UNSUPPORTED
  [saved] /home/sju5379/cp_scratch/sdd_deathCircle_video1_diag.png, _overlay.png, _cells.npz

=== SDD/deathCircle/video2 ===  windows=581 (full=307)
  RAW         corr(err,turn) = +0.139  (cells=209)
  CONTROLLED  corr(err,turn) = +nan  (cells=1; full + count>=20 + interior)
  CONTROLLED  corr(err,dens) = +nan
  err hi-density=40.180  lo-density=nan
  >>> controlled spatial-turning structure: WEAK/UNSUPPORTED
  [saved] /home/sju5379/cp_scratch/sdd_deathCircle_video2_diag.png, _overlay.png, _cells.npz

=== SDD/deathCircle/video3 ===  windows=23578 (full=16357)
  RAW         corr(err,turn) = +0.101  (cells=951)
  CONTROLLED  corr(err,turn) = -0.172  (cells=264; full + count>=20 + interior)
  CONTROLLED  corr(err,dens) = +0.026
  err hi-density=107.895  lo-density=94.995
  >>> controlled spatial-turning structure: WEAK/UNSUPPORTED
  [saved] /home/sju5379/cp_scratch/sdd_deathCircle_video3_diag.png, _overlay.png, _cells.npz

=== SDD/deathCircle/video4 ===  windows=718 (full=354)
  RAW         corr(err,turn) = +0.419  (cells=235)
  CONTROLLED  corr(err,turn) = +nan  (cells=0; full + count>=20 + interior)
  CONTROLLED  corr(err,dens) = +nan
  >>> controlled spatial-turning structure: WEAK/UNSUPPORTED
  [saved] /home/sju5379/cp_scratch/sdd_deathCircle_video4_diag.png, _overlay.png, _cells.npz

=== SDD/gates/video0 ===  windows=3852 (full=2704)
  RAW         corr(err,turn) = -0.008  (cells=365)
  CONTROLLED  corr(err,turn) = -0.314  (cells=28; full + count>=20 + interior)
  CONTROLLED  corr(err,dens) = +0.081
  err hi-density=16.643  lo-density=13.957
  >>> controlled spatial-turning structure: WEAK/UNSUPPORTED
  [saved] /home/sju5379/cp_scratch/sdd_gates_video0_diag.png, _overlay.png, _cells.npz

=== SDD/gates/video1 ===  windows=10136 (full=7506)
  RAW         corr(err,turn) = +0.151  (cells=746)
  CONTROLLED  corr(err,turn) = -0.125  (cells=104; full + count>=20 + interior)
  CONTROLLED  corr(err,dens) = -0.245
  err hi-density=55.001  lo-density=60.479
  >>> controlled spatial-turning structure: WEAK/UNSUPPORTED
  [saved] /home/sju5379/cp_scratch/sdd_gates_video1_diag.png, _overlay.png, _cells.npz

=== SDD/gates/video2 ===  windows=3687 (full=2638)
  RAW         corr(err,turn) = -0.032  (cells=489)
  CONTROLLED  corr(err,turn) = -0.119  (cells=13; full + count>=20 + interior)
  CONTROLLED  corr(err,dens) = -0.418
  err hi-density=1.456  lo-density=24.572
  >>> controlled spatial-turning structure: WEAK/UNSUPPORTED
  [saved] /home/sju5379/cp_scratch/sdd_gates_video2_diag.png, _overlay.png, _cells.npz

=== SDD/gates/video3 ===  windows=13201 (full=9694)
  RAW         corr(err,turn) = -0.034  (cells=906)
  CONTROLLED  corr(err,turn) = -0.138  (cells=141; full + count>=20 + interior)
  CONTROLLED  corr(err,dens) = -0.187
  err hi-density=63.979  lo-density=84.313
  >>> controlled spatial-turning structure: WEAK/UNSUPPORTED
  [saved] /home/sju5379/cp_scratch/sdd_gates_video3_diag.png, _overlay.png, _cells.npz

=== SDD/gates/video4 ===  windows=2983 (full=2154)
  RAW         corr(err,turn) = +0.137  (cells=530)
  CONTROLLED  corr(err,turn) = +0.009  (cells=9; full + count>=20 + interior)
  CONTROLLED  corr(err,dens) = -0.574
  err hi-density=10.096  lo-density=30.638
  >>> controlled spatial-turning structure: WEAK/UNSUPPORTED
  [saved] /home/sju5379/cp_scratch/sdd_gates_video4_diag.png, _overlay.png, _cells.npz

=== SDD/gates/video5 ===  windows=1388 (full=1053)
  RAW         corr(err,turn) = +0.139  (cells=433)
  CONTROLLED  corr(err,turn) = +nan  (cells=1; full + count>=20 + interior)
  CONTROLLED  corr(err,dens) = +nan
  err hi-density=35.488  lo-density=nan
  >>> controlled spatial-turning structure: WEAK/UNSUPPORTED
  [saved] /home/sju5379/cp_scratch/sdd_gates_video5_diag.png, _overlay.png, _cells.npz

=== SDD/gates/video6 ===  windows=470 (full=346)
  RAW         corr(err,turn) = +0.378  (cells=186)
  CONTROLLED  corr(err,turn) = +nan  (cells=0; full + count>=20 + interior)
  CONTROLLED  corr(err,dens) = +nan
  >>> controlled spatial-turning structure: WEAK/UNSUPPORTED
  [saved] /home/sju5379/cp_scratch/sdd_gates_video6_diag.png, _overlay.png, _cells.npz

=== SDD/gates/video7 ===  windows=931 (full=602)
  RAW         corr(err,turn) = +0.214  (cells=189)
  CONTROLLED  corr(err,turn) = +nan  (cells=2; full + count>=20 + interior)
  CONTROLLED  corr(err,dens) = +nan
  err hi-density=1.147  lo-density=nan
  >>> controlled spatial-turning structure: WEAK/UNSUPPORTED
  [saved] /home/sju5379/cp_scratch/sdd_gates_video7_diag.png, _overlay.png, _cells.npz

=== SDD/gates/video8 ===  windows=2844 (full=2181)
  RAW         corr(err,turn) = +0.055  (cells=245)
  CONTROLLED  corr(err,turn) = -0.077  (cells=11; full + count>=20 + interior)
  CONTROLLED  corr(err,dens) = +0.053
  err hi-density=2.175  lo-density=1.705
  >>> controlled spatial-turning structure: WEAK/UNSUPPORTED
  [saved] /home/sju5379/cp_scratch/sdd_gates_video8_diag.png, _overlay.png, _cells.npz

=== SDD/hyang/video0 ===  windows=17352 (full=14453)
  RAW         corr(err,turn) = +0.036  (cells=626)
  CONTROLLED  corr(err,turn) = +0.124  (cells=251; full + count>=20 + interior)
  CONTROLLED  corr(err,dens) = -0.156
  err hi-density=32.122  lo-density=39.650
  >>> controlled spatial-turning structure: WEAK/UNSUPPORTED
  [saved] /home/sju5379/cp_scratch/sdd_hyang_video0_diag.png, _overlay.png, _cells.npz

=== SDD/hyang/video1 ===  windows=10207 (full=8773)
  RAW         corr(err,turn) = +0.107  (cells=555)
  CONTROLLED  corr(err,turn) = +0.207  (cells=143; full + count>=20 + interior)
  CONTROLLED  corr(err,dens) = -0.189
  err hi-density=14.251  lo-density=17.352
  >>> controlled spatial-turning structure: WEAK/UNSUPPORTED
  [saved] /home/sju5379/cp_scratch/sdd_hyang_video1_diag.png, _overlay.png, _cells.npz

=== SDD/hyang/video10 ===  windows=5583 (full=4865)
  RAW         corr(err,turn) = +0.216  (cells=243)
  CONTROLLED  corr(err,turn) = +0.123  (cells=35; full + count>=20 + interior)
  CONTROLLED  corr(err,dens) = -0.465
  err hi-density=7.926  lo-density=19.038
  >>> controlled spatial-turning structure: WEAK/UNSUPPORTED
  [saved] /home/sju5379/cp_scratch/sdd_hyang_video10_diag.png, _overlay.png, _cells.npz

=== SDD/hyang/video11 ===  windows=7258 (full=5842)
  RAW         corr(err,turn) = +0.241  (cells=229)
  CONTROLLED  corr(err,turn) = +0.108  (cells=95; full + count>=20 + interior)
  CONTROLLED  corr(err,dens) = -0.256
  err hi-density=11.325  lo-density=13.122
  >>> controlled spatial-turning structure: WEAK/UNSUPPORTED
  [saved] /home/sju5379/cp_scratch/sdd_hyang_video11_diag.png, _overlay.png, _cells.npz

=== SDD/hyang/video12 ===  windows=2618 (full=1946)
  RAW         corr(err,turn) = +0.235  (cells=172)
  CONTROLLED  corr(err,turn) = +0.053  (cells=38; full + count>=20 + interior)
  CONTROLLED  corr(err,dens) = -0.255
  err hi-density=7.486  lo-density=8.599
  >>> controlled spatial-turning structure: WEAK/UNSUPPORTED
  [saved] /home/sju5379/cp_scratch/sdd_hyang_video12_diag.png, _overlay.png, _cells.npz

=== SDD/hyang/video13 ===  windows=1205 (full=898)
  RAW         corr(err,turn) = +0.397  (cells=62)
  CONTROLLED  corr(err,turn) = +nan  (cells=0; full + count>=20 + interior)
  CONTROLLED  corr(err,dens) = +nan
  >>> controlled spatial-turning structure: WEAK/UNSUPPORTED
  [saved] /home/sju5379/cp_scratch/sdd_hyang_video13_diag.png, _overlay.png, _cells.npz

=== SDD/hyang/video14 ===  windows=1520 (full=1264)
  RAW         corr(err,turn) = +0.260  (cells=100)
  CONTROLLED  corr(err,turn) = +0.901  (cells=5; full + count>=20 + interior)
  CONTROLLED  corr(err,dens) = -0.242
  err hi-density=6.318  lo-density=6.428
  >>> controlled spatial-turning structure: WEAK/UNSUPPORTED
  [saved] /home/sju5379/cp_scratch/sdd_hyang_video14_diag.png, _overlay.png, _cells.npz

=== SDD/hyang/video2 ===  windows=12806 (full=10987)
  RAW         corr(err,turn) = +0.016  (cells=346)
  CONTROLLED  corr(err,turn) = -0.104  (cells=155; full + count>=20 + interior)
  CONTROLLED  corr(err,dens) = -0.101
  err hi-density=25.870  lo-density=25.297
  >>> controlled spatial-turning structure: WEAK/UNSUPPORTED
  [saved] /home/sju5379/cp_scratch/sdd_hyang_video2_diag.png, _overlay.png, _cells.npz

=== SDD/hyang/video3 ===  windows=9480 (full=7639)
  RAW         corr(err,turn) = -0.057  (cells=231)
  CONTROLLED  corr(err,turn) = +0.056  (cells=95; full + count>=20 + interior)
  CONTROLLED  corr(err,dens) = -0.059
  err hi-density=17.391  lo-density=20.184
  >>> controlled spatial-turning structure: WEAK/UNSUPPORTED
  [saved] /home/sju5379/cp_scratch/sdd_hyang_video3_diag.png, _overlay.png, _cells.npz

=== SDD/hyang/video4 ===  windows=27181 (full=23680)
  RAW         corr(err,turn) = -0.053  (cells=537)
  CONTROLLED  corr(err,turn) = +0.070  (cells=306; full + count>=20 + interior)
  CONTROLLED  corr(err,dens) = -0.188
  err hi-density=25.416  lo-density=34.092
  >>> controlled spatial-turning structure: WEAK/UNSUPPORTED
  [saved] /home/sju5379/cp_scratch/sdd_hyang_video4_diag.png, _overlay.png, _cells.npz

=== SDD/hyang/video5 ===  windows=9173 (full=7854)
  RAW         corr(err,turn) = -0.009  (cells=539)
  CONTROLLED  corr(err,turn) = +0.037  (cells=110; full + count>=20 + interior)
  CONTROLLED  corr(err,dens) = -0.329
  err hi-density=24.010  lo-density=28.555
  >>> controlled spatial-turning structure: WEAK/UNSUPPORTED
  [saved] /home/sju5379/cp_scratch/sdd_hyang_video5_diag.png, _overlay.png, _cells.npz

=== SDD/hyang/video6 ===  windows=7262 (full=6160)
  RAW         corr(err,turn) = +0.151  (cells=362)
  CONTROLLED  corr(err,turn) = +0.137  (cells=95; full + count>=20 + interior)
  CONTROLLED  corr(err,dens) = -0.237
  err hi-density=12.338  lo-density=21.775
  >>> controlled spatial-turning structure: WEAK/UNSUPPORTED
  [saved] /home/sju5379/cp_scratch/sdd_hyang_video6_diag.png, _overlay.png, _cells.npz

=== SDD/hyang/video7 ===  windows=925 (full=625)
  RAW         corr(err,turn) = +0.241  (cells=195)
  CONTROLLED  corr(err,turn) = +0.992  (cells=6; full + count>=20 + interior)
  CONTROLLED  corr(err,dens) = -0.159
  err hi-density=1.936  lo-density=0.000
  >>> controlled spatial-turning structure: WEAK/UNSUPPORTED
  [saved] /home/sju5379/cp_scratch/sdd_hyang_video7_diag.png, _overlay.png, _cells.npz

=== SDD/hyang/video8 ===  windows=239 (full=154)
  RAW         corr(err,turn) = +0.360  (cells=73)
  CONTROLLED  corr(err,turn) = +nan  (cells=1; full + count>=20 + interior)
  CONTROLLED  corr(err,dens) = +nan
  err hi-density=0.000  lo-density=nan
  >>> controlled spatial-turning structure: WEAK/UNSUPPORTED
  [saved] /home/sju5379/cp_scratch/sdd_hyang_video8_diag.png, _overlay.png, _cells.npz

=== SDD/hyang/video9 ===  windows=85 (full=29)
  RAW         corr(err,turn) = +0.480  (cells=66)
  CONTROLLED  corr(err,turn) = +nan  (cells=0; full + count>=20 + interior)
  CONTROLLED  corr(err,dens) = +nan
  >>> controlled spatial-turning structure: WEAK/UNSUPPORTED
  [saved] /home/sju5379/cp_scratch/sdd_hyang_video9_diag.png, _overlay.png, _cells.npz

=== SDD/little/video0 ===  windows=1558 (full=1034)
  RAW         corr(err,turn) = +0.052  (cells=528)
  CONTROLLED  corr(err,turn) = +nan  (cells=1; full + count>=20 + interior)
  CONTROLLED  corr(err,dens) = +nan
  err hi-density=2.100  lo-density=nan
  >>> controlled spatial-turning structure: WEAK/UNSUPPORTED
  [saved] /home/sju5379/cp_scratch/sdd_little_video0_diag.png, _overlay.png, _cells.npz

=== SDD/little/video1 ===  windows=3060 (full=1844)
  RAW         corr(err,turn) = -0.043  (cells=440)
  CONTROLLED  corr(err,turn) = +0.303  (cells=13; full + count>=20 + interior)
  CONTROLLED  corr(err,dens) = -0.461
  err hi-density=15.500  lo-density=26.156
  >>> controlled spatial-turning structure: WEAK/UNSUPPORTED
  [saved] /home/sju5379/cp_scratch/sdd_little_video1_diag.png, _overlay.png, _cells.npz

=== SDD/little/video2 ===  windows=1731 (full=743)
  RAW         corr(err,turn) = +0.104  (cells=322)
  CONTROLLED  corr(err,turn) = +nan  (cells=2; full + count>=20 + interior)
  CONTROLLED  corr(err,dens) = +nan
  err hi-density=16.554  lo-density=21.358
  >>> controlled spatial-turning structure: WEAK/UNSUPPORTED
  [saved] /home/sju5379/cp_scratch/sdd_little_video2_diag.png, _overlay.png, _cells.npz

=== SDD/little/video3 ===  windows=10689 (full=8273)
  RAW         corr(err,turn) = -0.004  (cells=969)
  CONTROLLED  corr(err,turn) = +0.094  (cells=98; full + count>=20 + interior)
  CONTROLLED  corr(err,dens) = -0.277
  err hi-density=41.194  lo-density=52.781
  >>> controlled spatial-turning structure: WEAK/UNSUPPORTED
  [saved] /home/sju5379/cp_scratch/sdd_little_video3_diag.png, _overlay.png, _cells.npz

=== SDD/nexus/video0 ===  windows=8146 (full=7010)
  RAW         corr(err,turn) = +0.233  (cells=470)
  CONTROLLED  corr(err,turn) = +0.469  (cells=123; full + count>=20 + interior)
  CONTROLLED  corr(err,dens) = -0.245
  err hi-density=14.235  lo-density=18.491
  >>> controlled spatial-turning structure: SUPPORTED
  [saved] /home/sju5379/cp_scratch/sdd_nexus_video0_diag.png, _overlay.png, _cells.npz

=== SDD/nexus/video1 ===  windows=13284 (full=11429)
  RAW         corr(err,turn) = +0.206  (cells=665)
  CONTROLLED  corr(err,turn) = +0.343  (cells=225; full + count>=20 + interior)
  CONTROLLED  corr(err,dens) = -0.046
  err hi-density=16.845  lo-density=15.875
  >>> controlled spatial-turning structure: WEAK/UNSUPPORTED
  [saved] /home/sju5379/cp_scratch/sdd_nexus_video1_diag.png, _overlay.png, _cells.npz

=== SDD/nexus/video10 ===  windows=2823 (full=2249)
  RAW         corr(err,turn) = +0.039  (cells=280)
  CONTROLLED  corr(err,turn) = -0.356  (cells=19; full + count>=20 + interior)
  CONTROLLED  corr(err,dens) = -0.490
  err hi-density=6.728  lo-density=14.784
  >>> controlled spatial-turning structure: WEAK/UNSUPPORTED
  [saved] /home/sju5379/cp_scratch/sdd_nexus_video10_diag.png, _overlay.png, _cells.npz

=== SDD/nexus/video11 ===  windows=28205 (full=27205)
  RAW         corr(err,turn) = -0.066  (cells=425)
  CONTROLLED  corr(err,turn) = -0.490  (cells=103; full + count>=20 + interior)
  CONTROLLED  corr(err,dens) = -0.701
  err hi-density=1.708  lo-density=7.440
  >>> controlled spatial-turning structure: WEAK/UNSUPPORTED
  [saved] /home/sju5379/cp_scratch/sdd_nexus_video11_diag.png, _overlay.png, _cells.npz

=== SDD/nexus/video2 ===  windows=16781 (full=14783)
  RAW         corr(err,turn) = -0.034  (cells=442)
  CONTROLLED  corr(err,turn) = +0.263  (cells=156; full + count>=20 + interior)
  CONTROLLED  corr(err,dens) = -0.374
  err hi-density=8.687  lo-density=14.274
  >>> controlled spatial-turning structure: WEAK/UNSUPPORTED
  [saved] /home/sju5379/cp_scratch/sdd_nexus_video2_diag.png, _overlay.png, _cells.npz

=== SDD/nexus/video3 ===  windows=1467 (full=1135)
  RAW         corr(err,turn) = +0.239  (cells=199)
  CONTROLLED  corr(err,turn) = +nan  (cells=4; full + count>=20 + interior)
  CONTROLLED  corr(err,dens) = +nan
  err hi-density=59.849  lo-density=38.956
  >>> controlled spatial-turning structure: WEAK/UNSUPPORTED
  [saved] /home/sju5379/cp_scratch/sdd_nexus_video3_diag.png, _overlay.png, _cells.npz

=== SDD/nexus/video4 ===  windows=1584 (full=1162)
  RAW         corr(err,turn) = +0.099  (cells=269)
  CONTROLLED  corr(err,turn) = -0.526  (cells=5; full + count>=20 + interior)
  CONTROLLED  corr(err,dens) = +0.898
  err hi-density=21.006  lo-density=11.298
  >>> controlled spatial-turning structure: WEAK/UNSUPPORTED
  [saved] /home/sju5379/cp_scratch/sdd_nexus_video4_diag.png, _overlay.png, _cells.npz

=== SDD/nexus/video5 ===  windows=1069 (full=700)
  RAW         corr(err,turn) = +0.241  (cells=248)
  CONTROLLED  corr(err,turn) = +nan  (cells=0; full + count>=20 + interior)
  CONTROLLED  corr(err,dens) = +nan
  >>> controlled spatial-turning structure: WEAK/UNSUPPORTED
  [saved] /home/sju5379/cp_scratch/sdd_nexus_video5_diag.png, _overlay.png, _cells.npz

=== SDD/nexus/video6 ===  windows=6535 (full=5581)
  RAW         corr(err,turn) = +0.394  (cells=444)
  CONTROLLED  corr(err,turn) = +0.415  (cells=116; full + count>=20 + interior)
  CONTROLLED  corr(err,dens) = +0.005
  err hi-density=16.066  lo-density=15.162
  >>> controlled spatial-turning structure: SUPPORTED
  [saved] /home/sju5379/cp_scratch/sdd_nexus_video6_diag.png, _overlay.png, _cells.npz

=== SDD/nexus/video7 ===  windows=7528 (full=6235)
  RAW         corr(err,turn) = +0.149  (cells=511)
  CONTROLLED  corr(err,turn) = +0.304  (cells=105; full + count>=20 + interior)
  CONTROLLED  corr(err,dens) = -0.139
  err hi-density=12.648  lo-density=14.901
  >>> controlled spatial-turning structure: WEAK/UNSUPPORTED
  [saved] /home/sju5379/cp_scratch/sdd_nexus_video7_diag.png, _overlay.png, _cells.npz

=== SDD/nexus/video8 ===  windows=14869 (full=13556)
  RAW         corr(err,turn) = -0.077  (cells=357)
  CONTROLLED  corr(err,turn) = -0.411  (cells=114; full + count>=20 + interior)
  CONTROLLED  corr(err,dens) = -0.671
  err hi-density=6.778  lo-density=14.027
  >>> controlled spatial-turning structure: WEAK/UNSUPPORTED
  [saved] /home/sju5379/cp_scratch/sdd_nexus_video8_diag.png, _overlay.png, _cells.npz

=== SDD/nexus/video9 ===  windows=9642 (full=8491)
  RAW         corr(err,turn) = +0.218  (cells=546)
  CONTROLLED  corr(err,turn) = +0.386  (cells=70; full + count>=20 + interior)
  CONTROLLED  corr(err,dens) = -0.353
  err hi-density=7.174  lo-density=16.366
  >>> controlled spatial-turning structure: SUPPORTED
  [saved] /home/sju5379/cp_scratch/sdd_nexus_video9_diag.png, _overlay.png, _cells.npz

=== SDD/quad/video0 ===  windows=199 (full=114)
  RAW         corr(err,turn) = -0.187  (cells=58)
  CONTROLLED  corr(err,turn) = +nan  (cells=1; full + count>=20 + interior)
  CONTROLLED  corr(err,dens) = +nan
  err hi-density=0.000  lo-density=nan
  >>> controlled spatial-turning structure: WEAK/UNSUPPORTED
  [saved] /home/sju5379/cp_scratch/sdd_quad_video0_diag.png, _overlay.png, _cells.npz

=== SDD/quad/video1 ===  windows=397 (full=267)
  RAW         corr(err,turn) = -0.145  (cells=146)
  CONTROLLED  corr(err,turn) = +nan  (cells=0; full + count>=20 + interior)
  CONTROLLED  corr(err,dens) = +nan
  >>> controlled spatial-turning structure: WEAK/UNSUPPORTED
  [saved] /home/sju5379/cp_scratch/sdd_quad_video1_diag.png, _overlay.png, _cells.npz

=== SDD/quad/video2 ===  windows=420 (full=280)
  RAW         corr(err,turn) = +0.126  (cells=52)
  CONTROLLED  corr(err,turn) = +0.947  (cells=8; full + count>=20 + interior)
  CONTROLLED  corr(err,dens) = +0.920
  err hi-density=4.150  lo-density=0.198
  >>> controlled spatial-turning structure: WEAK/UNSUPPORTED
  [saved] /home/sju5379/cp_scratch/sdd_quad_video2_diag.png, _overlay.png, _cells.npz

=== SDD/quad/video3 ===  windows=136 (full=74)
  RAW         corr(err,turn) = -0.120  (cells=63)
  CONTROLLED  corr(err,turn) = +nan  (cells=0; full + count>=20 + interior)
  CONTROLLED  corr(err,dens) = +nan
  >>> controlled spatial-turning structure: WEAK/UNSUPPORTED
  [saved] /home/sju5379/cp_scratch/sdd_quad_video3_diag.png, _overlay.png, _cells.npz

==== SUMMARY (controlled corr error<->turning) ====
  SDD/bookstore/video0           raw=-0.02 ctrl=-0.23 dens=-0.43 cells=147 -> WEAK/UNSUPPORTED
  SDD/bookstore/video1           raw=-0.00 ctrl=-0.25 dens=-0.51 cells=70 -> WEAK/UNSUPPORTED
  SDD/bookstore/video2           raw=+0.06 ctrl=-0.19 dens=-0.23 cells=130 -> WEAK/UNSUPPORTED
  SDD/bookstore/video3           raw=-0.01 ctrl=-0.01 dens=-0.35 cells=129 -> WEAK/UNSUPPORTED
  SDD/bookstore/video4           raw=+0.12 ctrl=+0.74 dens=+0.19 cells=23 -> WEAK/UNSUPPORTED
  SDD/bookstore/video5           raw=+0.28 ctrl=+0.23 dens=-0.60 cells=50 -> WEAK/UNSUPPORTED
  SDD/bookstore/video6           raw=+0.21 ctrl=+0.46 dens=-0.48 cells=49 -> SUPPORTED
  SDD/coupa/video0               raw=+0.20 ctrl=+0.18 dens=-0.60 cells=33 -> WEAK/UNSUPPORTED
  SDD/coupa/video1               raw=+0.11 ctrl=+0.08 dens=-0.75 cells=8 -> WEAK/UNSUPPORTED
  SDD/coupa/video2               raw=+0.18 ctrl=+nan dens=+nan cells=4 -> WEAK/UNSUPPORTED
  SDD/coupa/video3               raw=+0.13 ctrl=+0.39 dens=-0.77 cells=43 -> SUPPORTED
  SDD/deathCircle/video0         raw=-0.02 ctrl=-0.08 dens=+0.06 cells=376 -> WEAK/UNSUPPORTED
  SDD/deathCircle/video1         raw=+0.03 ctrl=-0.04 dens=-0.15 cells=362 -> WEAK/UNSUPPORTED
  SDD/deathCircle/video2         raw=+0.14 ctrl=+nan dens=+nan cells=1 -> WEAK/UNSUPPORTED
  SDD/deathCircle/video3         raw=+0.10 ctrl=-0.17 dens=+0.03 cells=264 -> WEAK/UNSUPPORTED
  SDD/deathCircle/video4         raw=+0.42 ctrl=+nan dens=+nan cells=0 -> WEAK/UNSUPPORTED
  SDD/gates/video0               raw=-0.01 ctrl=-0.31 dens=+0.08 cells=28 -> WEAK/UNSUPPORTED
  SDD/gates/video1               raw=+0.15 ctrl=-0.13 dens=-0.24 cells=104 -> WEAK/UNSUPPORTED
  SDD/gates/video2               raw=-0.03 ctrl=-0.12 dens=-0.42 cells=13 -> WEAK/UNSUPPORTED
  SDD/gates/video3               raw=-0.03 ctrl=-0.14 dens=-0.19 cells=141 -> WEAK/UNSUPPORTED
  SDD/gates/video4               raw=+0.14 ctrl=+0.01 dens=-0.57 cells=9 -> WEAK/UNSUPPORTED
  SDD/gates/video5               raw=+0.14 ctrl=+nan dens=+nan cells=1 -> WEAK/UNSUPPORTED
  SDD/gates/video6               raw=+0.38 ctrl=+nan dens=+nan cells=0 -> WEAK/UNSUPPORTED
  SDD/gates/video7               raw=+0.21 ctrl=+nan dens=+nan cells=2 -> WEAK/UNSUPPORTED
  SDD/gates/video8               raw=+0.06 ctrl=-0.08 dens=+0.05 cells=11 -> WEAK/UNSUPPORTED
  SDD/hyang/video0               raw=+0.04 ctrl=+0.12 dens=-0.16 cells=251 -> WEAK/UNSUPPORTED
  SDD/hyang/video1               raw=+0.11 ctrl=+0.21 dens=-0.19 cells=143 -> WEAK/UNSUPPORTED
  SDD/hyang/video10              raw=+0.22 ctrl=+0.12 dens=-0.47 cells=35 -> WEAK/UNSUPPORTED
  SDD/hyang/video11              raw=+0.24 ctrl=+0.11 dens=-0.26 cells=95 -> WEAK/UNSUPPORTED
  SDD/hyang/video12              raw=+0.23 ctrl=+0.05 dens=-0.25 cells=38 -> WEAK/UNSUPPORTED
  SDD/hyang/video13              raw=+0.40 ctrl=+nan dens=+nan cells=0 -> WEAK/UNSUPPORTED
  SDD/hyang/video14              raw=+0.26 ctrl=+0.90 dens=-0.24 cells=5 -> WEAK/UNSUPPORTED
  SDD/hyang/video2               raw=+0.02 ctrl=-0.10 dens=-0.10 cells=155 -> WEAK/UNSUPPORTED
  SDD/hyang/video3               raw=-0.06 ctrl=+0.06 dens=-0.06 cells=95 -> WEAK/UNSUPPORTED
  SDD/hyang/video4               raw=-0.05 ctrl=+0.07 dens=-0.19 cells=306 -> WEAK/UNSUPPORTED
  SDD/hyang/video5               raw=-0.01 ctrl=+0.04 dens=-0.33 cells=110 -> WEAK/UNSUPPORTED
  SDD/hyang/video6               raw=+0.15 ctrl=+0.14 dens=-0.24 cells=95 -> WEAK/UNSUPPORTED
  SDD/hyang/video7               raw=+0.24 ctrl=+0.99 dens=-0.16 cells=6 -> WEAK/UNSUPPORTED
  SDD/hyang/video8               raw=+0.36 ctrl=+nan dens=+nan cells=1 -> WEAK/UNSUPPORTED
  SDD/hyang/video9               raw=+0.48 ctrl=+nan dens=+nan cells=0 -> WEAK/UNSUPPORTED
  SDD/little/video0              raw=+0.05 ctrl=+nan dens=+nan cells=1 -> WEAK/UNSUPPORTED
  SDD/little/video1              raw=-0.04 ctrl=+0.30 dens=-0.46 cells=13 -> WEAK/UNSUPPORTED
  SDD/little/video2              raw=+0.10 ctrl=+nan dens=+nan cells=2 -> WEAK/UNSUPPORTED
  SDD/little/video3              raw=-0.00 ctrl=+0.09 dens=-0.28 cells=98 -> WEAK/UNSUPPORTED
  SDD/nexus/video0               raw=+0.23 ctrl=+0.47 dens=-0.25 cells=123 -> SUPPORTED
  SDD/nexus/video1               raw=+0.21 ctrl=+0.34 dens=-0.05 cells=225 -> WEAK/UNSUPPORTED
  SDD/nexus/video10              raw=+0.04 ctrl=-0.36 dens=-0.49 cells=19 -> WEAK/UNSUPPORTED
  SDD/nexus/video11              raw=-0.07 ctrl=-0.49 dens=-0.70 cells=103 -> WEAK/UNSUPPORTED
  SDD/nexus/video2               raw=-0.03 ctrl=+0.26 dens=-0.37 cells=156 -> WEAK/UNSUPPORTED
  SDD/nexus/video3               raw=+0.24 ctrl=+nan dens=+nan cells=4 -> WEAK/UNSUPPORTED
  SDD/nexus/video4               raw=+0.10 ctrl=-0.53 dens=+0.90 cells=5 -> WEAK/UNSUPPORTED
  SDD/nexus/video5               raw=+0.24 ctrl=+nan dens=+nan cells=0 -> WEAK/UNSUPPORTED
  SDD/nexus/video6               raw=+0.39 ctrl=+0.41 dens=+0.00 cells=116 -> SUPPORTED
  SDD/nexus/video7               raw=+0.15 ctrl=+0.30 dens=-0.14 cells=105 -> WEAK/UNSUPPORTED
  SDD/nexus/video8               raw=-0.08 ctrl=-0.41 dens=-0.67 cells=114 -> WEAK/UNSUPPORTED
  SDD/nexus/video9               raw=+0.22 ctrl=+0.39 dens=-0.35 cells=70 -> SUPPORTED
  SDD/quad/video0                raw=-0.19 ctrl=+nan dens=+nan cells=1 -> WEAK/UNSUPPORTED
  SDD/quad/video1                raw=-0.14 ctrl=+nan dens=+nan cells=0 -> WEAK/UNSUPPORTED
  SDD/quad/video2                raw=+0.13 ctrl=+0.95 dens=+0.92 cells=8 -> WEAK/UNSUPPORTED
  SDD/quad/video3                raw=-0.12 ctrl=+nan dens=+nan cells=0 -> WEAK/UNSUPPORTED
